<?xml version="1.0" encoding="UTF-8"?>
<!-- Generated by org.testng.reporters.JUnitXMLReporter -->
<testsuite hostname="FTKRL1755" name="Command line test" tests="2" failures="0" timestamp="22 May 2016 16:07:21 GMT" time="0.035" errors="0">
  <testcase name="isPasswordCorrectTest" time="0.006" classname="developementexercise.patterns.AccountDataFormatCorrectnessAnalizerTest"/>
  <testcase name="isUsernameCorrectTest" time="0.0" classname="developementexercise.patterns.AccountDataFormatCorrectnessAnalizerTest"/>
</testsuite> <!-- Command line test -->
